<?xml version="1.0" encoding="UTF-8"?>
<testng-results ignored="0" total="1" passed="1" failed="0" skipped="0">
  <reporter-output>
  </reporter-output>
  <suite started-at="2023-07-25T16:51:42 IST" name="Default suite" finished-at="2023-07-25T16:52:19 IST" duration-ms="37452">
    <groups>
    </groups>
    <test started-at="2023-07-25T16:51:42 IST" name="Default test" finished-at="2023-07-25T16:52:19 IST" duration-ms="37452">
      <class name="test.AddtoCart_Test">
        <test-method is-config="true" signature="setup()[pri:0, instance:test.AddtoCart_Test@3e27ba32]" started-at="2023-07-25T16:51:42 IST" name="setup" finished-at="2023-07-25T16:51:58 IST" duration-ms="16232" status="PASS">
          <reporter-output>
          </reporter-output>
        </test-method> <!-- setup -->
        <test-method signature="addtoCart()[pri:0, instance:test.AddtoCart_Test@3e27ba32]" started-at="2023-07-25T16:51:58 IST" name="addtoCart" finished-at="2023-07-25T16:52:19 IST" duration-ms="21102" status="PASS">
          <reporter-output>
          </reporter-output>
        </test-method> <!-- addtoCart -->
      </class> <!-- test.AddtoCart_Test -->
    </test> <!-- Default test -->
  </suite> <!-- Default suite -->
</testng-results>
